{"level":"debug","message":"Logging initialized at debug level","timestamp":"2018-04-21T21:00:48.972Z"}
{"level":"info","message":"  App is running at http://localhost:3000 in development mode","timestamp":"2018-04-21T21:00:49.266Z"}
{"level":"info","message":"  Press CTRL-C to stop\n","timestamp":"2018-04-21T21:00:49.266Z"}
{"level":"debug","message":"Logging initialized at debug level","timestamp":"2018-04-21T21:02:04.508Z"}
{"level":"info","message":"  App is running at http://localhost:3030 in development mode","timestamp":"2018-04-21T21:02:05.125Z"}
{"level":"info","message":"  Press CTRL-C to stop\n","timestamp":"2018-04-21T21:02:05.125Z"}
{"level":"debug","message":"Logging initialized at debug level","timestamp":"2018-04-21T21:04:20.101Z"}
{"level":"info","message":"  App is running at http://localhost:3030 in development mode","timestamp":"2018-04-21T21:04:20.293Z"}
{"level":"info","message":"  Press CTRL-C to stop\n","timestamp":"2018-04-21T21:04:20.293Z"}
{"level":"debug","message":"Logging initialized at debug level","timestamp":"2018-04-21T22:30:38.453Z"}
{"level":"info","message":"  App is running at http://localhost:3222 in development mode","timestamp":"2018-04-21T22:30:38.556Z"}
{"level":"info","message":"  Press CTRL-C to stop\n","timestamp":"2018-04-21T22:30:38.556Z"}
{"level":"debug","message":"Logging initialized at debug level","timestamp":"2018-04-21T22:31:51.994Z"}
{"level":"info","message":"  App is running at http://localhost:3222 in development mode","timestamp":"2018-04-21T22:31:52.051Z"}
{"level":"info","message":"  Press CTRL-C to stop\n","timestamp":"2018-04-21T22:31:52.051Z"}
{"level":"debug","message":"Logging initialized at debug level","timestamp":"2018-04-21T22:32:43.580Z"}
{"level":"info","message":"  App is running at http://localhost:3222 in development mode","timestamp":"2018-04-21T22:32:43.635Z"}
{"level":"info","message":"  Press CTRL-C to stop\n","timestamp":"2018-04-21T22:32:43.635Z"}
{"level":"debug","message":"Logging initialized at debug level","timestamp":"2018-04-21T22:33:11.398Z"}
{"level":"info","message":"  App is running at http://localhost:3222 in development mode","timestamp":"2018-04-21T22:33:11.440Z"}
{"level":"info","message":"  Press CTRL-C to stop\n","timestamp":"2018-04-21T22:33:11.440Z"}
{"level":"debug","message":"Logging initialized at debug level","timestamp":"2018-04-21T22:34:52.857Z"}
{"level":"info","message":"  App is running at http://localhost:3222 in development mode","timestamp":"2018-04-21T22:34:52.900Z"}
{"level":"info","message":"  Press CTRL-C to stop\n","timestamp":"2018-04-21T22:34:52.900Z"}
{"level":"debug","message":"Logging initialized at debug level","timestamp":"2018-04-21T23:19:45.028Z"}
{"level":"info","message":"  App is running at http://localhost:3222 in development mode","timestamp":"2018-04-21T23:19:45.042Z"}
{"level":"info","message":"  Press CTRL-C to stop\n","timestamp":"2018-04-21T23:19:45.042Z"}
{"level":"debug","message":"Logging initialized at debug level","timestamp":"2018-04-21T23:20:57.755Z"}
{"level":"info","message":"  App is running at http://localhost:3222 in development mode","timestamp":"2018-04-21T23:20:57.772Z"}
{"level":"info","message":"  Press CTRL-C to stop\n","timestamp":"2018-04-21T23:20:57.773Z"}
{"level":"info","message":"Input: [object Object]","timestamp":"2018-04-21T23:21:00.415Z"}
{"level":"info","message":"Input: [object Object]","timestamp":"2018-04-21T23:21:00.424Z"}
{"level":"info","message":"Input: [object Object]","timestamp":"2018-04-21T23:21:00.425Z"}
{"level":"info","message":"Input: [object Object]","timestamp":"2018-04-21T23:21:00.427Z"}
{"level":"info","message":"Input: [object Object]","timestamp":"2018-04-21T23:21:00.428Z"}
{"level":"info","message":"Input: [object Object]","timestamp":"2018-04-21T23:21:00.429Z"}
{"level":"info","message":"Input: [object Object]","timestamp":"2018-04-21T23:21:00.430Z"}
{"level":"info","message":"Input: [object Object]","timestamp":"2018-04-21T23:21:00.431Z"}
{"level":"info","message":"Input: [object Object]","timestamp":"2018-04-21T23:21:00.432Z"}
{"level":"info","message":"Input: [object Object]","timestamp":"2018-04-21T23:21:00.433Z"}
{"level":"info","message":"Input: [object Object]","timestamp":"2018-04-21T23:21:00.434Z"}
{"level":"info","message":"Input: [object Object]","timestamp":"2018-04-21T23:21:00.435Z"}
{"level":"info","message":"Input: [object Object]","timestamp":"2018-04-21T23:21:00.436Z"}
{"level":"info","message":"Input: [object Object]","timestamp":"2018-04-21T23:21:00.437Z"}
{"level":"info","message":"Input: [object Object]","timestamp":"2018-04-21T23:21:00.438Z"}
{"level":"debug","message":"Logging initialized at debug level","timestamp":"2018-04-21T23:21:16.334Z"}
{"level":"info","message":"  App is running at http://localhost:3222 in development mode","timestamp":"2018-04-21T23:21:16.418Z"}
{"level":"info","message":"  Press CTRL-C to stop\n","timestamp":"2018-04-21T23:21:16.418Z"}
{"level":"info","message":"Input: [object Object]","timestamp":"2018-04-21T23:22:23.568Z"}
{"level":"info","message":"Input: [object Object]","timestamp":"2018-04-21T23:22:23.578Z"}
{"level":"info","message":"Input: [object Object]","timestamp":"2018-04-21T23:22:23.582Z"}
{"level":"info","message":"Input: [object Object]","timestamp":"2018-04-21T23:22:23.583Z"}
{"level":"info","message":"Input: [object Object]","timestamp":"2018-04-21T23:22:23.597Z"}
{"level":"info","message":"Input: [object Object]","timestamp":"2018-04-21T23:22:23.598Z"}
{"level":"info","message":"Input: [object Object]","timestamp":"2018-04-21T23:22:23.599Z"}
{"level":"info","message":"Input: [object Object]","timestamp":"2018-04-21T23:22:23.601Z"}
{"level":"info","message":"Input: [object Object]","timestamp":"2018-04-21T23:22:23.602Z"}
{"level":"info","message":"Input: [object Object]","timestamp":"2018-04-21T23:22:23.603Z"}
{"level":"info","message":"Input: [object Object]","timestamp":"2018-04-21T23:22:23.604Z"}
{"level":"info","message":"Input: [object Object]","timestamp":"2018-04-21T23:22:23.605Z"}
{"level":"info","message":"Input: [object Object]","timestamp":"2018-04-21T23:22:23.606Z"}
{"level":"info","message":"Input: [object Object]","timestamp":"2018-04-21T23:22:23.607Z"}
{"level":"info","message":"Input: [object Object]","timestamp":"2018-04-21T23:22:23.608Z"}
{"level":"debug","message":"Logging initialized at debug level","timestamp":"2018-04-21T23:22:24.509Z"}
{"level":"info","message":"  App is running at http://localhost:3222 in development mode","timestamp":"2018-04-21T23:22:24.625Z"}
{"level":"info","message":"  Press CTRL-C to stop\n","timestamp":"2018-04-21T23:22:24.626Z"}
{"level":"info","message":"Input: [object Object]","timestamp":"2018-04-21T23:26:10.574Z"}
{"level":"debug","message":"Logging initialized at debug level","timestamp":"2018-04-21T23:26:11.578Z"}
{"level":"info","message":"  App is running at http://localhost:3222 in development mode","timestamp":"2018-04-21T23:26:11.718Z"}
{"level":"info","message":"  Press CTRL-C to stop\n","timestamp":"2018-04-21T23:26:11.718Z"}
{"level":"info","message":"Input: [object Object]","timestamp":"2018-04-21T23:29:02.260Z"}
{"level":"debug","message":"Logging initialized at debug level","timestamp":"2018-04-21T23:29:04.691Z"}
{"level":"info","message":"  App is running at http://localhost:3222 in development mode","timestamp":"2018-04-21T23:29:04.774Z"}
{"level":"info","message":"  Press CTRL-C to stop\n","timestamp":"2018-04-21T23:29:04.774Z"}
{"level":"info","message":"Input: \"o this is a nice text\"","timestamp":"2018-04-21T23:29:17.672Z"}
{"level":"info","message":"Input: \"START\\nHello this is a\"","timestamp":"2018-04-21T23:29:19.328Z"}
{"level":"info","message":"Input: \"a nice text file with\"","timestamp":"2018-04-21T23:29:20.536Z"}
{"level":"info","message":"Input: \"ensitive data so scan\"","timestamp":"2018-04-21T23:29:24.471Z"}
{"level":"info","message":"Input: \"hout any sensitive da\"","timestamp":"2018-04-21T23:29:27.969Z"}
{"level":"info","message":"Input: \"t file without any se\"","timestamp":"2018-04-21T23:29:37.857Z"}
{"level":"info","message":"Input: \"ata so scanner should\"","timestamp":"2018-04-21T23:29:54.509Z"}
{"level":"info","message":"Input: \"nner should not detec\"","timestamp":"2018-04-21T23:30:48.240Z"}
{"level":"info","message":"Input: \"ct anything here.\\nThi\"","timestamp":"2018-04-21T23:30:48.245Z"}
{"level":"info","message":"Input: \"d not detect anything\"","timestamp":"2018-04-21T23:30:48.246Z"}
{"level":"info","message":"Input: \"g here.\\nThis is the n\"","timestamp":"2018-04-21T23:30:48.248Z"}
{"level":"info","message":"Input: \"is is the next line o\"","timestamp":"2018-04-21T23:30:48.249Z"}
{"level":"info","message":"Input: \"of this text file.\\nTH\"","timestamp":"2018-04-21T23:30:48.251Z"}
{"level":"info","message":"Input: \"next line of this tex\"","timestamp":"2018-04-21T23:30:48.255Z"}
{"level":"info","message":"Input: \"xt file.\\nTHE END\"","timestamp":"2018-04-21T23:30:48.256Z"}
{"level":"debug","message":"Logging initialized at debug level","timestamp":"2018-04-21T23:30:50.582Z"}
{"level":"info","message":"  App is running at http://localhost:3222 in development mode","timestamp":"2018-04-21T23:30:50.606Z"}
{"level":"info","message":"  Press CTRL-C to stop\n","timestamp":"2018-04-21T23:30:50.606Z"}
{"level":"info","message":"Input: \"o this is a nice text\"","timestamp":"2018-04-21T23:30:55.030Z"}
{"level":"info","message":"Input: \"a nice text file with\"","timestamp":"2018-04-21T23:31:08.108Z"}
{"level":"info","message":"Input: \"START\\nHello this is a\"","timestamp":"2018-04-21T23:31:09.159Z"}
{"level":"info","message":"Input: \"t file without any se\"","timestamp":"2018-04-21T23:31:12.340Z"}
{"level":"info","message":"Input: \"hout any sensitive da\"","timestamp":"2018-04-21T23:31:12.342Z"}
{"level":"info","message":"Input: \"ensitive data so scan\"","timestamp":"2018-04-21T23:31:12.344Z"}
{"level":"info","message":"Input: \"ata so scanner should\"","timestamp":"2018-04-21T23:31:12.346Z"}
{"level":"info","message":"Input: \"nner should not detec\"","timestamp":"2018-04-21T23:31:12.351Z"}
{"level":"info","message":"Input: \"ct anything here.\\nThi\"","timestamp":"2018-04-21T23:31:12.353Z"}
{"level":"info","message":"Input: \"d not detect anything\"","timestamp":"2018-04-21T23:31:12.355Z"}
{"level":"info","message":"Input: \"g here.\\nThis is the n\"","timestamp":"2018-04-21T23:31:12.358Z"}
{"level":"info","message":"Input: \"is is the next line o\"","timestamp":"2018-04-21T23:31:12.361Z"}
{"level":"info","message":"Input: \"next line of this tex\"","timestamp":"2018-04-21T23:31:12.362Z"}
{"level":"info","message":"Input: \"of this text file.\\nTH\"","timestamp":"2018-04-21T23:31:12.364Z"}
{"level":"info","message":"Input: \"xt file.\\nTHE END\"","timestamp":"2018-04-21T23:31:12.365Z"}
{"level":"info","message":"Input: \"rity number is 123-45\"","timestamp":"2018-04-21T23:32:49.976Z"}
{"level":"info","message":"Input: \"ocial Security number\"","timestamp":"2018-04-21T23:32:49.979Z"}
{"level":"info","message":"Input: \"r is 123-45-4993 so t\"","timestamp":"2018-04-21T23:32:49.980Z"}
{"level":"info","message":"Input: \"Hello my Social Secur\"","timestamp":"2018-04-21T23:32:49.982Z"}
{"level":"info","message":"Input: \"5-4993 so there.\"","timestamp":"2018-04-21T23:32:49.984Z"}
{"level":"debug","message":"Logging initialized at debug level","timestamp":"2018-04-21T23:32:58.944Z"}
{"level":"info","message":"  App is running at http://localhost:3222 in development mode","timestamp":"2018-04-21T23:32:58.966Z"}
{"level":"info","message":"  Press CTRL-C to stop\n","timestamp":"2018-04-21T23:32:58.967Z"}
{"level":"info","message":"Input: \"Hello my Social Secur\"","timestamp":"2018-04-21T23:33:16.267Z"}
{"level":"info","message":"Input: \"ocial Security number\"","timestamp":"2018-04-21T23:33:25.265Z"}
{"level":"info","message":"Input: \"rity number is 123-45\"","timestamp":"2018-04-21T23:33:35.490Z"}
{"level":"info","message":"Input: \"5-4993 so there.\"","timestamp":"2018-04-21T23:33:38.076Z"}
{"level":"info","message":"Input: \"r is 123-45-4993 so t\"","timestamp":"2018-04-21T23:33:39.561Z"}
{"level":"info","message":"Input: \"Hello my Social Security number is 123-45-4993 so t\"","timestamp":"2018-04-21T23:34:57.964Z"}
{"level":"info","message":"Input: \"rity number is 123-45-4993 so there.\"","timestamp":"2018-04-21T23:34:57.966Z"}
{"level":"debug","message":"Logging initialized at debug level","timestamp":"2018-04-21T23:36:46.447Z"}
{"level":"info","message":"  App is running at http://localhost:3222 in development mode","timestamp":"2018-04-21T23:36:46.528Z"}
{"level":"info","message":"  Press CTRL-C to stop\n","timestamp":"2018-04-21T23:36:46.529Z"}
{"level":"info","message":"Input: \"Hello my Social Security number is 123-45-4993 so t\"","timestamp":"2018-04-21T23:36:49.930Z"}
{"level":"info","message":"Input: \"rity number is 123-45-4993 so there.\"","timestamp":"2018-04-21T23:38:03.923Z"}
{"level":"debug","message":"Logging initialized at debug level","timestamp":"2018-04-21T23:38:06.271Z"}
{"level":"info","message":"  App is running at http://localhost:3222 in development mode","timestamp":"2018-04-21T23:38:06.379Z"}
{"level":"info","message":"  Press CTRL-C to stop\n","timestamp":"2018-04-21T23:38:06.379Z"}
{"level":"info","message":"Input: \"Hello my Social Security number is 123-45-4993 so t\"","timestamp":"2018-04-21T23:38:08.175Z"}
{"level":"info","message":"Input: \"rity number is 123-45-4993 so there.\"","timestamp":"2018-04-21T23:38:17.345Z"}
{"level":"info","message":"Input: \"Hello my Social Security number is 123-45-4993 so t\"","timestamp":"2018-04-21T23:44:42.397Z"}
{"level":"info","message":"Input: \"rity number is 123-45-4993 so there.\"","timestamp":"2018-04-21T23:44:42.399Z"}
{"level":"info","message":"Input: \"Hello my Social Security number is 123-45-4993 so t\"","timestamp":"2018-04-21T23:48:44.107Z"}
{"level":"info","message":"Input: \"rity number is 123-45-4993 so there.\"","timestamp":"2018-04-21T23:48:44.109Z"}
{"level":"debug","message":"Logging initialized at debug level","timestamp":"2018-04-21T23:49:32.311Z"}
{"level":"info","message":"  App is running at http://localhost:3222 in development mode","timestamp":"2018-04-21T23:49:32.329Z"}
{"level":"info","message":"  Press CTRL-C to stop\n","timestamp":"2018-04-21T23:49:32.329Z"}
{"level":"info","message":"Input: \"Hello my Social Security number is 123-45-4993 so t\"","timestamp":"2018-04-21T23:49:36.555Z"}
{"level":"info","message":"Input: \"rity number is 123-45-4993 so there.\"","timestamp":"2018-04-21T23:49:36.574Z"}
{"level":"info","message":"Input: \"Hello my Social Security number is 123-45-4993 so t\"","timestamp":"2018-04-21T23:49:44.935Z"}
{"level":"info","message":"Input: \"rity number is 123-45-4993 so there.\"","timestamp":"2018-04-21T23:49:44.937Z"}
